Using pre-set license
Built from '2021.1/staging' branch; Version is '2021.1.6f1 (c0fade0cc7e9) revision 12647134'; Using compiler version '192528614'; Build Type 'Release'
OS: 'Windows 10 Home; OS build 19042.1110; Version 2009; 64bit' Language: 'en' Physical Memory: 16326 MB
BatchMode: 1, IsHumanControllingUs: 0, StartBugReporterOnCrash: 0, Is64bit: 1, IsPro: 0

 COMMAND LINE ARGUMENTS:
C:\Program Files\2021.1.6f1\Editor\Unity.exe
-adb2
-batchMode
-noUpm
-name
AssetImportWorker0
-projectPath
D:/GitHub/Killer-Vet/A day in the life
-logFile
Logs/AssetImportWorker0.log
-srvPort
51254
Successfully changed project path to: D:/GitHub/Killer-Vet/A day in the life
D:/GitHub/Killer-Vet/A day in the life
Using Asset Import Pipeline V2.
Refreshing native plugins compatible for Editor in 89.70 ms, found 2 plugins.
Preloading 0 native plugins for Editor in 0.00 ms.
Initialize engine version: 2021.1.6f1 (c0fade0cc7e9)
[Subsystems] Discovering subsystems at path C:/Program Files/2021.1.6f1/Editor/Data/Resources/UnitySubsystems
[Subsystems] Discovering subsystems at path D:/GitHub/Killer-Vet/A day in the life/Assets
GfxDevice: creating device client; threaded=0; jobified=0
Direct3D:
    Version:  Direct3D 11.0 [level 11.1]
    Renderer: Radeon RX 570 Series (ID=0x67df)
    Vendor:   ATI
    VRAM:     4075 MB
    Driver:   27.20.1034.6
Initialize mono
Mono path[0] = 'C:/Program Files/2021.1.6f1/Editor/Data/Managed'
Mono path[1] = 'C:/Program Files/2021.1.6f1/Editor/Data/MonoBleedingEdge/lib/mono/unityjit'
Mono config path = 'C:/Program Files/2021.1.6f1/Editor/Data/MonoBleedingEdge/etc'
Using monoOptions --debugger-agent=transport=dt_socket,embedding=1,server=y,suspend=n,address=127.0.0.1:56884
Begin MonoManager ReloadAssembly
Registering precompiled unity dll's ...
Register platform support module: C:/Program Files/2021.1.6f1/Editor/Data/PlaybackEngines/WindowsStandaloneSupport/UnityEditor.WindowsStandalone.Extensions.dll
Registered in 0.001826 seconds.
Native extension for WindowsStandalone target not found
Refreshing native plugins compatible for Editor in 90.68 ms, found 2 plugins.
Preloading 0 native plugins for Editor in 0.00 ms.
Mono: successfully reloaded assembly
- Completed reload, in  1.899 seconds
Platform modules already initialized, skipping
Registering precompiled user dll's ...
Registered in 0.002942 seconds.
Begin MonoManager ReloadAssembly
Native extension for WindowsStandalone target not found
Refreshing native plugins compatible for Editor in 92.37 ms, found 2 plugins.
Preloading 0 native plugins for Editor in 0.00 ms.
Mono: successfully reloaded assembly
- Completed reload, in  1.076 seconds
Platform modules already initialized, skipping
========================================================================
Worker process is ready to serve import requests
Launched and connected shader compiler UnityShaderCompiler.exe after 0.06 seconds
Refreshing native plugins compatible for Editor in 0.58 ms, found 2 plugins.
Preloading 0 native plugins for Editor in 0.00 ms.
Unloading 3372 Unused Serialized files (Serialized files now loaded: 0)
System memory in use before: 127.9 MB.
System memory in use after: 128.0 MB.

Unloading 29 unused Assets to reduce memory usage. Loaded Objects now: 3825.
Total: 2.327800 ms (FindLiveObjects: 0.225700 ms CreateObjectMapping: 0.153100 ms MarkObjects: 1.847500 ms  DeleteObjects: 0.100700 ms)

========================================================================
Received Import Request.
  path: Assets/Resources/Images/veterinary-icons-collection_1284-37677.jpg
  artifactKey: Guid(4a615fed3f8b4a440a78713c9091f9fe) Importer(815301076,1909f56bfc062723c751e8b465ee728b)
Start importing Assets/Resources/Images/veterinary-icons-collection_1284-37677.jpg using Guid(4a615fed3f8b4a440a78713c9091f9fe) Importer(815301076,1909f56bfc062723c751e8b465ee728b)  -> (artifact id: 'c1450828b15cbbdb86f45b3e641f9b50') in 0.155499 seconds 
========================================================================
Received Import Request.
  Time since last request: 0.000318 seconds.
  path: Assets/Resources/Images/vet-clinic-reception.jpg
  artifactKey: Guid(a68b7984af6400345bca23702240136f) Importer(815301076,1909f56bfc062723c751e8b465ee728b)
Start importing Assets/Resources/Images/vet-clinic-reception.jpg using Guid(a68b7984af6400345bca23702240136f) Importer(815301076,1909f56bfc062723c751e8b465ee728b)  -> (artifact id: '29ddb5ce5222521c95964bada5a2a6c0') in 0.019616 seconds 
========================================================================
Received Import Request.
  Time since last request: 12.066465 seconds.
  path: Assets/Resources/Images/veterinary-icons-collection_1284-37677.jpg
  artifactKey: Guid(4a615fed3f8b4a440a78713c9091f9fe) Importer(815301076,1909f56bfc062723c751e8b465ee728b)
Start importing Assets/Resources/Images/veterinary-icons-collection_1284-37677.jpg using Guid(4a615fed3f8b4a440a78713c9091f9fe) Importer(815301076,1909f56bfc062723c751e8b465ee728b)  -> (artifact id: '2e5e646fd2bedb8601e6280ec10370b1') in 0.012999 seconds 
========================================================================
Received Import Request.
  Time since last request: 15.173947 seconds.
  path: Assets/Resources/Images/veterinary-icons-collection_1284-37677.jpg
  artifactKey: Guid(4a615fed3f8b4a440a78713c9091f9fe) Importer(815301076,1909f56bfc062723c751e8b465ee728b)
Start importing Assets/Resources/Images/veterinary-icons-collection_1284-37677.jpg using Guid(4a615fed3f8b4a440a78713c9091f9fe) Importer(815301076,1909f56bfc062723c751e8b465ee728b)  -> (artifact id: 'a103cdaadbdb329c9610e8b2e4a4e99b') in 0.015118 seconds 
========================================================================
Received Import Request.
  Time since last request: 10.333259 seconds.
  path: Assets/Resources/Images/veterinary-icons-collection_1284-37677.jpg
  artifactKey: Guid(4a615fed3f8b4a440a78713c9091f9fe) Importer(815301076,1909f56bfc062723c751e8b465ee728b)
Start importing Assets/Resources/Images/veterinary-icons-collection_1284-37677.jpg using Guid(4a615fed3f8b4a440a78713c9091f9fe) Importer(815301076,1909f56bfc062723c751e8b465ee728b)  -> (artifact id: '850c51273a0f1a797af122cee1ab1e89') in 0.016194 seconds 
========================================================================
Received Import Request.
  Time since last request: 152.131494 seconds.
  path: Assets/Resources/Images/Backgrouns
  artifactKey: Guid(cadafc433fc51de46a877b334ba59462) Importer(815301076,1909f56bfc062723c751e8b465ee728b)
Start importing Assets/Resources/Images/Backgrouns using Guid(cadafc433fc51de46a877b334ba59462) Importer(815301076,1909f56bfc062723c751e8b465ee728b)  -> (artifact id: '194cf76f58df0f0f90facea2bef16c04') in 0.005308 seconds 
========================================================================
Received Import Request.
  Time since last request: 6.660398 seconds.
  path: Assets/Resources/Images/Backgrounds
  artifactKey: Guid(cadafc433fc51de46a877b334ba59462) Importer(815301076,1909f56bfc062723c751e8b465ee728b)
Start importing Assets/Resources/Images/Backgrounds using Guid(cadafc433fc51de46a877b334ba59462) Importer(815301076,1909f56bfc062723c751e8b465ee728b)  -> (artifact id: 'e7f262173a867f64e46f1018d6dbe6dc') in 0.005420 seconds 
========================================================================
Received Import Request.
  Time since last request: 782.073660 seconds.
  path: Assets/Scenes
  artifactKey: Guid(521dddaf6726b474dab8e4730f7b3527) Importer(815301076,1909f56bfc062723c751e8b465ee728b)
Start importing Assets/Scenes using Guid(521dddaf6726b474dab8e4730f7b3527) Importer(815301076,1909f56bfc062723c751e8b465ee728b)  -> (artifact id: '2fb4fe9620bd90fe0f7d2c27e51c239d') in 0.008427 seconds 
========================================================================
Received Import Request.
  Time since last request: 10.077884 seconds.
  path: Assets/Scenes/Main Menu.unity
  artifactKey: Guid(2ca1e572277c1164cbc3e616f8054721) Importer(815301076,1909f56bfc062723c751e8b465ee728b)
Start importing Assets/Scenes/Main Menu.unity using Guid(2ca1e572277c1164cbc3e616f8054721) Importer(815301076,1909f56bfc062723c751e8b465ee728b)  -> (artifact id: '8f650723bd837943e86e29abf9b3b62a') in 0.007242 seconds 
========================================================================
Received Import Request.
  Time since last request: 63.860685 seconds.
  path: Assets/Scripts/MainMenu.cs
  artifactKey: Guid(4e4fd5e715550ab45b6b0f8cd3952ac8) Importer(815301076,1909f56bfc062723c751e8b465ee728b)
Start importing Assets/Scripts/MainMenu.cs using Guid(4e4fd5e715550ab45b6b0f8cd3952ac8) Importer(815301076,1909f56bfc062723c751e8b465ee728b)  -> (artifact id: '17464c0c101ee71eed7193252e4cb672') in 0.009828 seconds 
========================================================================
Received Prepare
Registering precompiled user dll's ...
Registered in 0.003054 seconds.
Begin MonoManager ReloadAssembly
Native extension for WindowsStandalone target not found
Refreshing native plugins compatible for Editor in 0.58 ms, found 2 plugins.
Preloading 0 native plugins for Editor in 0.00 ms.
Mono: successfully reloaded assembly
- Completed reload, in  0.927 seconds
Platform modules already initialized, skipping
Refreshing native plugins compatible for Editor in 0.56 ms, found 2 plugins.
Preloading 0 native plugins for Editor in 0.00 ms.
Unloading 3369 Unused Serialized files (Serialized files now loaded: 0)
System memory in use before: 134.1 MB.
System memory in use after: 134.2 MB.

Unloading 17 unused Assets to reduce memory usage. Loaded Objects now: 3909.
Total: 2.473500 ms (FindLiveObjects: 0.222800 ms CreateObjectMapping: 0.142200 ms MarkObjects: 1.999300 ms  DeleteObjects: 0.108300 ms)

========================================================================
Received Import Request.
  Time since last request: 18.279740 seconds.
  path: Assets/Scripts/MainMenu.cs
  artifactKey: Guid(4e4fd5e715550ab45b6b0f8cd3952ac8) Importer(815301076,1909f56bfc062723c751e8b465ee728b)
Start importing Assets/Scripts/MainMenu.cs using Guid(4e4fd5e715550ab45b6b0f8cd3952ac8) Importer(815301076,1909f56bfc062723c751e8b465ee728b)  -> (artifact id: '42ddfaf5da1cdd37dcab36aa70b279ae') in 0.004866 seconds 
========================================================================
Received Import Request.
  Time since last request: 96.167868 seconds.
  path: Assets/Scenes/SampleScene.unity
  artifactKey: Guid(2cda990e2423bbf4892e6590ba056729) Importer(815301076,1909f56bfc062723c751e8b465ee728b)
Start importing Assets/Scenes/SampleScene.unity using Guid(2cda990e2423bbf4892e6590ba056729) Importer(815301076,1909f56bfc062723c751e8b465ee728b)  -> (artifact id: 'ca5e7de337d93229e1c0022e7dff399c') in 0.011694 seconds 
========================================================================
Received Prepare
Registering precompiled user dll's ...
Registered in 0.003568 seconds.
Begin MonoManager ReloadAssembly
Native extension for WindowsStandalone target not found
Refreshing native plugins compatible for Editor in 0.59 ms, found 2 plugins.
Preloading 0 native plugins for Editor in 0.00 ms.
Mono: successfully reloaded assembly
- Completed reload, in  0.899 seconds
Platform modules already initialized, skipping
Refreshing native plugins compatible for Editor in 0.57 ms, found 2 plugins.
Preloading 0 native plugins for Editor in 0.00 ms.
Unloading 3368 Unused Serialized files (Serialized files now loaded: 0)
System memory in use before: 134.2 MB.
System memory in use after: 134.3 MB.

Unloading 17 unused Assets to reduce memory usage. Loaded Objects now: 3913.
Total: 2.296400 ms (FindLiveObjects: 0.213700 ms CreateObjectMapping: 0.122700 ms MarkObjects: 1.878900 ms  DeleteObjects: 0.080300 ms)

========================================================================
Received Import Request.
  Time since last request: 269.161554 seconds.
  path: Assets/Scenes/Main Menu.unity
  artifactKey: Guid(2ca1e572277c1164cbc3e616f8054721) Importer(815301076,1909f56bfc062723c751e8b465ee728b)
Start importing Assets/Scenes/Main Menu.unity using Guid(2ca1e572277c1164cbc3e616f8054721) Importer(815301076,1909f56bfc062723c751e8b465ee728b)  -> (artifact id: 'e1e3193afb9adb59bfd332f0f1a3f08b') in 0.011648 seconds 
========================================================================
Received Import Request.
  Time since last request: 4166.199902 seconds.
  path: Assets/Resources/Images/UI/CLINIC.png
  artifactKey: Guid(3029f304a26a2ad47add3a132cf8aa7f) Importer(815301076,1909f56bfc062723c751e8b465ee728b)
Start importing Assets/Resources/Images/UI/CLINIC.png using Guid(3029f304a26a2ad47add3a132cf8aa7f) Importer(815301076,1909f56bfc062723c751e8b465ee728b)  -> (artifact id: '61eda701c996550acc70d82e54551dad') in 0.194408 seconds 
========================================================================
Received Prepare
Registering precompiled user dll's ...
Registered in 0.003531 seconds.
Begin MonoManager ReloadAssembly
Native extension for WindowsStandalone target not found
Refreshing native plugins compatible for Editor in 0.60 ms, found 2 plugins.
Preloading 0 native plugins for Editor in 0.00 ms.
Mono: successfully reloaded assembly
- Completed reload, in  1.036 seconds
Platform modules already initialized, skipping
Refreshing native plugins compatible for Editor in 0.59 ms, found 2 plugins.
Preloading 0 native plugins for Editor in 0.00 ms.
Unloading 3369 Unused Serialized files (Serialized files now loaded: 0)
System memory in use before: 142.4 MB.
System memory in use after: 142.5 MB.

Unloading 17 unused Assets to reduce memory usage. Loaded Objects now: 3935.
Total: 2.460400 ms (FindLiveObjects: 0.238800 ms CreateObjectMapping: 0.148900 ms MarkObjects: 1.985900 ms  DeleteObjects: 0.085900 ms)

========================================================================
Received Prepare
Registering precompiled user dll's ...
Registered in 0.003011 seconds.
Begin MonoManager ReloadAssembly
Native extension for WindowsStandalone target not found
Refreshing native plugins compatible for Editor in 0.58 ms, found 2 plugins.
Preloading 0 native plugins for Editor in 0.00 ms.
Mono: successfully reloaded assembly
- Completed reload, in  0.915 seconds
Platform modules already initialized, skipping
Refreshing native plugins compatible for Editor in 0.56 ms, found 2 plugins.
Preloading 0 native plugins for Editor in 0.00 ms.
Unloading 3368 Unused Serialized files (Serialized files now loaded: 0)
System memory in use before: 142.4 MB.
System memory in use after: 142.5 MB.

Unloading 17 unused Assets to reduce memory usage. Loaded Objects now: 3939.
Total: 2.599700 ms (FindLiveObjects: 0.270400 ms CreateObjectMapping: 0.194000 ms MarkObjects: 2.045500 ms  DeleteObjects: 0.089000 ms)

AssetImportWorkerClient::OnTransportError - code=2 error=End of file
